<?xml version="1.0" encoding="UTF-8"?>
<!-- Generated by org.testng.reporters.JUnitReportReporter -->
<testsuite hostname="WebCARE" failures="0" tests="1" name="demo_testCases.Smoke_Create_PerEvent_Basic_Smugmug" time="49.366" errors="0" timestamp="2023-12-19T15:19:25 IST" skipped="0">
  <testcase classname="demo_testCases.Smoke_Create_PerEvent_Basic_Smugmug" name="validate_Per_Event_information" time="49.366"/>
</testsuite> <!-- demo_testCases.Smoke_Create_PerEvent_Basic_Smugmug -->
