<?xml version="1.0" encoding="UTF-8"?>
<!-- Generated by org.testng.reporters.JUnitReportReporter -->
<testsuite hostname="WebCARE" failures="0" tests="1" name="Demo_landmark_Sharing_TestCases.Smoke_Create_PerEvent_Basic_EmailShare" time="61.659" errors="0" timestamp="2024-03-13T16:11:00 IST" skipped="0">
  <testcase classname="Demo_landmark_Sharing_TestCases.Smoke_Create_PerEvent_Basic_EmailShare" name="validate_Per_Event_information" time="61.659"/>
</testsuite> <!-- Demo_landmark_Sharing_TestCases.Smoke_Create_PerEvent_Basic_EmailShare -->
