<?xml version="1.0" encoding="UTF-8"?>
<!-- Generated by org.testng.reporters.JUnitReportReporter -->
<testsuite hostname="WebCARE" failures="0" tests="1" name="demo_testCases.PPUSmoke_Create_Event_Video_TestPPu2" time="68.709" errors="0" timestamp="2023-12-16T21:51:54 IST" skipped="0">
  <testcase classname="demo_testCases.PPUSmoke_Create_Event_Video_TestPPu2" name="Validate_Creation_event_with_Gif" time="68.709"/>
</testsuite> <!-- demo_testCases.PPUSmoke_Create_Event_Video_TestPPu2 -->
