<?xml version="1.0" encoding="UTF-8"?>
<!-- Generated by org.testng.reporters.JUnitReportReporter -->
<testsuite hostname="WebCARE" failures="0" tests="1" name="Demo_landmark_Smoke_EditsEvent.Smoke_Create_Event_Gif_editTest" time="54.289" errors="0" timestamp="2024-02-06T17:04:19 IST" skipped="0">
  <testcase classname="Demo_landmark_Smoke_EditsEvent.Smoke_Create_Event_Gif_editTest" name="Validate_Creation_event_with_Gif_with_Paylater" time="54.289"/>
</testsuite> <!-- Demo_landmark_Smoke_EditsEvent.Smoke_Create_Event_Gif_editTest -->
