<?xml version="1.0" encoding="UTF-8"?>
<!-- Generated by org.testng.reporters.JUnitReportReporter -->
<testsuite hostname="WebCARE" failures="0" tests="1" name="Demo_landmark_PpuUser.PPUSmoke_Create_Event_Gif_TestPPu3" time="59.373" errors="0" timestamp="2024-01-08T10:49:00 IST" skipped="0">
  <testcase classname="Demo_landmark_PpuUser.PPUSmoke_Create_Event_Gif_TestPPu3" name="Validate_Creation_event_with_Gif" time="59.373"/>
</testsuite> <!-- Demo_landmark_PpuUser.PPUSmoke_Create_Event_Gif_TestPPu3 -->
