<?xml version="1.0" encoding="UTF-8"?>
<!-- Generated by org.testng.reporters.JUnitReportReporter -->
<testsuite hostname="WebCARE" failures="0" tests="1" name="demo_testCases.smoke_Create_Event_NewFresh" time="135.483" errors="0" timestamp="2023-12-19T16:51:18 IST" skipped="0">
  <testcase classname="demo_testCases.smoke_Create_Event_NewFresh" name="TestNewUserCreation" time="135.483"/>
</testsuite> <!-- demo_testCases.smoke_Create_Event_NewFresh -->
