<?xml version="1.0" encoding="UTF-8"?>
<!-- Generated by org.testng.reporters.JUnitReportReporter -->
<testsuite hostname="WebCARE" failures="0" tests="1" name="Demo_landmark_SaAdminTestCases.DemoSaAdminSearchFunctionality" time="25.236" errors="0" timestamp="2024-01-12T10:06:57 IST" skipped="0">
  <testcase classname="Demo_landmark_SaAdminTestCases.DemoSaAdminSearchFunctionality" name="SearchEventNameFunction" time="25.236"/>
</testsuite> <!-- Demo_landmark_SaAdminTestCases.DemoSaAdminSearchFunctionality -->
