<?xml version="1.0" encoding="UTF-8"?>
<!-- Generated by org.testng.reporters.JUnitReportReporter -->
<testsuite hostname="WebCARE" failures="0" tests="1" name="demo_testCases.a" time="0.009" errors="0" timestamp="2023-12-12T17:05:19 IST" skipped="0">
  <testcase classname="demo_testCases.a" name="name" time="0.009"/>
</testsuite> <!-- demo_testCases.a -->
