<?xml version="1.0" encoding="UTF-8"?>
<!-- Generated by org.testng.reporters.JUnitReportReporter -->
<testsuite hostname="WebCARE" failures="0" tests="1" name="demo_testCases.Smoke_Create_PerEvent_Basic" time="365.234" errors="0" timestamp="2023-12-18T21:00:49 IST" skipped="0">
  <testcase classname="demo_testCases.Smoke_Create_PerEvent_Basic" name="validate_Per_Event_information" time="365.234"/>
</testsuite> <!-- demo_testCases.Smoke_Create_PerEvent_Basic -->
