<?xml version="1.0" encoding="UTF-8"?>
<!-- Generated by org.testng.reporters.JUnitReportReporter -->
<testsuite hostname="WebCARE" failures="0" tests="2" name="Demo_landmark_SaAdminTestCases.VerifySAAdminSimpleDateIntegration" time="58.649" errors="0" timestamp="2024-02-27T13:01:47 IST" skipped="0">
  <testcase classname="Demo_landmark_SaAdminTestCases.VerifySAAdminSimpleDateIntegration" name="createBasicEvent" time="47.652"/>
  <testcase classname="Demo_landmark_SaAdminTestCases.VerifySAAdminSimpleDateIntegration" name="SearchUserFunctionTest" time="10.997"/>
</testsuite> <!-- Demo_landmark_SaAdminTestCases.VerifySAAdminSimpleDateIntegration -->
