<?xml version="1.0" encoding="UTF-8"?>
<!-- Generated by org.testng.reporters.JUnitReportReporter -->
<testsuite hostname="WebCARE" failures="0" tests="1" name="demo_testCases.PPUSmoke_Create_Event_Photo_TestPPu" time="68.110" errors="0" timestamp="2023-12-18T13:23:09 IST" skipped="0">
  <testcase classname="demo_testCases.PPUSmoke_Create_Event_Photo_TestPPu" name="Validate_Creation_event_with_Gif" time="68.110"/>
</testsuite> <!-- demo_testCases.PPUSmoke_Create_Event_Photo_TestPPu -->
