<?xml version="1.0" encoding="UTF-8"?>
<!-- Generated by org.testng.reporters.JUnitReportReporter -->
<testsuite hostname="WebCARE" failures="0" tests="1" name="Demo_landmark_Sharing_TestCases.Smoke_Create_PerEvent_Basic_Smugmug" time="67.444" errors="0" timestamp="2023-12-26T18:45:27 IST" skipped="0">
  <testcase classname="Demo_landmark_Sharing_TestCases.Smoke_Create_PerEvent_Basic_Smugmug" name="validate_Per_Event_information" time="67.444"/>
</testsuite> <!-- Demo_landmark_Sharing_TestCases.Smoke_Create_PerEvent_Basic_Smugmug -->
