<?xml version="1.0" encoding="UTF-8"?>
<!-- Generated by org.testng.reporters.JUnitReportReporter -->
<testsuite hostname="WebCARE" failures="0" tests="2" name="Demo_landmark_Smoke_CopyTest.Smoke_Create_Event_Gif_Copy" time="64.997" errors="0" timestamp="2024-01-15T10:00:24 IST" skipped="0">
  <testcase classname="Demo_landmark_Smoke_CopyTest.Smoke_Create_Event_Gif_Copy" name="validateCopyFunction" time="10.917"/>
  <testcase classname="Demo_landmark_Smoke_CopyTest.Smoke_Create_Event_Gif_Copy" name="verifyCreationOfGif" time="54.080"/>
</testsuite> <!-- Demo_landmark_Smoke_CopyTest.Smoke_Create_Event_Gif_Copy -->
