<?xml version="1.0" encoding="UTF-8"?>
<!-- Generated by org.testng.reporters.JUnitReportReporter -->
<testsuite hostname="WebCARE" failures="0" tests="1" name="demo_testCases.Create_Event_NewFresh" time="80.404" errors="0" timestamp="2023-12-13T13:32:18 IST" skipped="0">
  <testcase classname="demo_testCases.Create_Event_NewFresh" name="TestNewUserCreation" time="80.404"/>
</testsuite> <!-- demo_testCases.Create_Event_NewFresh -->
