<?xml version="1.0" encoding="UTF-8"?>
<!-- Generated by org.testng.reporters.JUnitReportReporter -->
<testsuite hostname="WebCARE" failures="0" tests="2" name="Demo_landmark_Smoke_CopyTest.Smoke_Create_Event_Gif_Copy" time="96.784" errors="0" timestamp="2024-02-06T16:53:48 IST" skipped="0">
  <testcase classname="Demo_landmark_Smoke_CopyTest.Smoke_Create_Event_Gif_Copy" name="validateCopyFunction" time="45.269"/>
  <testcase classname="Demo_landmark_Smoke_CopyTest.Smoke_Create_Event_Gif_Copy" name="verifyCreationOfGif" time="51.515"/>
</testsuite> <!-- Demo_landmark_Smoke_CopyTest.Smoke_Create_Event_Gif_Copy -->
