<?xml version="1.0" encoding="UTF-8"?>
<!-- Generated by org.testng.reporters.JUnitReportReporter -->
<testsuite hostname="WebCARE" failures="0" tests="1" name="demo_testCases.Smoke_Create_Event_VideoTest" time="57.510" errors="0" timestamp="2023-12-13T14:58:23 IST" skipped="0">
  <testcase classname="demo_testCases.Smoke_Create_Event_VideoTest" name="Validate_Creation_event_with_Gif" time="57.510"/>
</testsuite> <!-- demo_testCases.Smoke_Create_Event_VideoTest -->
