<?xml version="1.0" encoding="UTF-8"?>
<!-- Generated by org.testng.reporters.JUnitReportReporter -->
<testsuite hostname="WebCARE" failures="0" tests="1" name="Com_Landmark_AutoRemovalBackground_Video.Landmark_background_HappyPath" time="35.613" errors="0" timestamp="2024-01-18T11:13:27 IST" skipped="0">
  <testcase classname="Com_Landmark_AutoRemovalBackground_Video.Landmark_background_HappyPath" name="validate_Happypath_Background_Video" time="35.613"/>
</testsuite> <!-- Com_Landmark_AutoRemovalBackground_Video.Landmark_background_HappyPath -->
