<?xml version="1.0" encoding="UTF-8"?>
<!-- Generated by org.testng.reporters.JUnitReportReporter -->
<testsuite hostname="WebCARE" failures="0" tests="2" name="Demo_landmark_Smoke_CopyTest.Smoke_Create_Event_Video_editTest" time="554.002" errors="0" timestamp="2024-01-05T14:36:36 IST" skipped="0">
  <testcase classname="Demo_landmark_Smoke_CopyTest.Smoke_Create_Event_Video_editTest" name="validateCopyFunction" time="471.874"/>
  <testcase classname="Demo_landmark_Smoke_CopyTest.Smoke_Create_Event_Video_editTest" name="Create_Event_Video_EditTest" time="82.128"/>
</testsuite> <!-- Demo_landmark_Smoke_CopyTest.Smoke_Create_Event_Video_editTest -->
