<?xml version="1.0" encoding="UTF-8"?>
<!-- Generated by org.testng.reporters.JUnitReportReporter -->
<testsuite hostname="WebCARE" failures="0" tests="1" name="Demo_landmark_Smoke_EventType.Smoke_Create_CustomeInsertNode" time="82.322" errors="0" timestamp="2024-01-06T10:12:30 IST" skipped="0">
  <testcase classname="Demo_landmark_Smoke_EventType.Smoke_Create_CustomeInsertNode" name="Validate_Creation_customeinsertNode" time="82.322"/>
</testsuite> <!-- Demo_landmark_Smoke_EventType.Smoke_Create_CustomeInsertNode -->
