<?xml version="1.0" encoding="UTF-8"?>
<!-- Generated by org.testng.reporters.JUnitReportReporter -->
<testsuite hostname="WebCARE" failures="0" tests="1" name="Demo_landmark_Sharing_TestCases.Smoke_Create_PerEventGIF_Basic_Smugmug2" time="58.785" errors="0" timestamp="2024-01-12T09:38:02 IST" skipped="0">
  <testcase classname="Demo_landmark_Sharing_TestCases.Smoke_Create_PerEventGIF_Basic_Smugmug2" name="Smoke_Create_PerEventGIF_Basic_" time="58.785"/>
</testsuite> <!-- Demo_landmark_Sharing_TestCases.Smoke_Create_PerEventGIF_Basic_Smugmug2 -->
