<?xml version="1.0" encoding="UTF-8"?>
<!-- Generated by org.testng.reporters.JUnitReportReporter -->
<testsuite hostname="WebCARE" failures="0" tests="1" name="Demo_landmark_Smoke_Testcases.tets" time="7.306" errors="0" timestamp="2023-12-27T14:24:16 IST" skipped="0">
  <testcase classname="Demo_landmark_Smoke_Testcases.tets" name="name" time="7.306"/>
</testsuite> <!-- Demo_landmark_Smoke_Testcases.tets -->
