<?xml version="1.0" encoding="UTF-8"?>
<!-- Generated by org.testng.reporters.JUnitReportReporter -->
<testsuite hostname="WebCARE" failures="0" tests="1" name="Demo_landmark_Smoke_CreatePhoto.Smoke_Create_PhotoTemplate_ValdiationMessage" time="25.048" errors="0" timestamp="2024-02-06T16:32:30 IST" skipped="0">
  <testcase classname="Demo_landmark_Smoke_CreatePhoto.Smoke_Create_PhotoTemplate_ValdiationMessage" name="Validate_Creation_Phototemplate" time="25.048"/>
</testsuite> <!-- Demo_landmark_Smoke_CreatePhoto.Smoke_Create_PhotoTemplate_ValdiationMessage -->
