<?xml version="1.0" encoding="UTF-8"?>
<!-- Generated by org.testng.reporters.JUnitReportReporter -->
<testsuite hostname="WebCARE" failures="0" tests="1" name="Demo_landmark_Smoke_CreatePhoto.Smoke_Create_PhotoTemplate_Share" time="41.167" errors="0" timestamp="2023-12-27T18:54:51 IST" skipped="0">
  <testcase classname="Demo_landmark_Smoke_CreatePhoto.Smoke_Create_PhotoTemplate_Share" name="Validate_Creation_Phototemplate" time="41.167"/>
</testsuite> <!-- Demo_landmark_Smoke_CreatePhoto.Smoke_Create_PhotoTemplate_Share -->
