<?xml version="1.0" encoding="UTF-8"?>
<!-- Generated by org.testng.reporters.JUnitReportReporter -->
<testsuite hostname="WebCARE" failures="0" tests="3" name="demo_testCases.Smoke_Create_PerEvent_Basic_Smugmug" time="241.318" errors="0" timestamp="2023-12-19T18:11:41 IST" skipped="2">
  <testcase classname="demo_testCases.Smoke_Create_PerEvent_Basic_Smugmug" name="validate_Per_Event_information" time="84.108"/>
  <testcase classname="demo_testCases.Smoke_Create_PerEvent_Basic_Smugmug" name="validate_Per_Event_information" time="92.814">
    <skipped/>
  </testcase> <!-- validate_Per_Event_information -->
  <testcase classname="demo_testCases.Smoke_Create_PerEvent_Basic_Smugmug" name="validate_Per_Event_information" time="64.396">
    <skipped/>
  </testcase> <!-- validate_Per_Event_information -->
</testsuite> <!-- demo_testCases.Smoke_Create_PerEvent_Basic_Smugmug -->
