<?xml version="1.0" encoding="UTF-8"?>
<!-- Generated by org.testng.reporters.JUnitReportReporter -->
<testsuite hostname="WebCARE" failures="0" tests="2" name="Demo_landmark_Smoke_CopyTest.Smoke_Create_Event_Photo_editTest" time="66.707" errors="0" timestamp="2024-01-06T10:24:41 IST" skipped="0">
  <testcase classname="Demo_landmark_Smoke_CopyTest.Smoke_Create_Event_Photo_editTest" name="Create_Event_Photo_copyTest" time="54.687"/>
  <testcase classname="Demo_landmark_Smoke_CopyTest.Smoke_Create_Event_Photo_editTest" name="validateCopyFunction" time="12.020"/>
</testsuite> <!-- Demo_landmark_Smoke_CopyTest.Smoke_Create_Event_Photo_editTest -->
