<?xml version="1.0" encoding="UTF-8"?>
<!-- Generated by org.testng.reporters.JUnitReportReporter -->
<testsuite hostname="WebCARE" failures="0" tests="1" name="Demo_landmark_Smoke_CreatePhoto.Smoke_Create_Event_Photo_Test_WithPaylater2" time="46.710" errors="0" timestamp="2024-01-10T12:11:47 IST" skipped="0">
  <testcase classname="Demo_landmark_Smoke_CreatePhoto.Smoke_Create_Event_Photo_Test_WithPaylater2" name="Validate_Creation_event_with_Gif_with_Paylater" time="46.710"/>
</testsuite> <!-- Demo_landmark_Smoke_CreatePhoto.Smoke_Create_Event_Photo_Test_WithPaylater2 -->
