<?xml version="1.0" encoding="UTF-8"?>
<!-- Generated by org.testng.reporters.JUnitReportReporter -->
<testsuite hostname="WebCARE" failures="0" tests="1" name="Com_Landmark_AutoRemovalBackground.Landmark_background_HappyPath" time="54.034" errors="0" timestamp="2024-01-17T10:49:23 IST" skipped="0">
  <testcase classname="Com_Landmark_AutoRemovalBackground.Landmark_background_HappyPath" name="validate_Happypath_Background_photo" time="54.034"/>
</testsuite> <!-- Com_Landmark_AutoRemovalBackground.Landmark_background_HappyPath -->
