<?xml version="1.0" encoding="UTF-8"?>
<!-- Generated by org.testng.reporters.JUnitReportReporter -->
<testsuite hostname="WebCARE" failures="0" tests="2" name="demo_testCases.PPUSmoke_Create_Event_Gif_TestPPu3" time="132.684" errors="0" timestamp="2023-12-16T22:03:57 IST" skipped="1">
  <testcase classname="demo_testCases.PPUSmoke_Create_Event_Gif_TestPPu3" name="Validate_Creation_event_with_Gif" time="64.573">
    <skipped/>
  </testcase> <!-- Validate_Creation_event_with_Gif -->
  <testcase classname="demo_testCases.PPUSmoke_Create_Event_Gif_TestPPu3" name="Validate_Creation_event_with_Gif" time="68.111"/>
</testsuite> <!-- demo_testCases.PPUSmoke_Create_Event_Gif_TestPPu3 -->
