<?xml version="1.0" encoding="UTF-8"?>
<!-- Generated by org.testng.reporters.JUnitReportReporter -->
<testsuite hostname="WebCARE" failures="0" tests="1" name="demo_testCases.Create_Event_ExistingList" time="44.193" errors="0" timestamp="2023-12-07T16:55:18 IST" skipped="0">
  <testcase classname="demo_testCases.Create_Event_ExistingList" name="name" time="44.193"/>
</testsuite> <!-- demo_testCases.Create_Event_ExistingList -->
