<?xml version="1.0" encoding="UTF-8"?>
<!-- Generated by org.testng.reporters.JUnitReportReporter -->
<testsuite hostname="WebCARE" failures="0" tests="1" name="Com_Landmark_AutoRemovalBackground.Landmark_background_HappyPath" time="122.319" errors="0" timestamp="2024-03-13T14:36:25 IST" skipped="0">
  <testcase classname="Com_Landmark_AutoRemovalBackground.Landmark_background_HappyPath" name="validate_Happypath_Background_photo" time="122.319"/>
</testsuite> <!-- Com_Landmark_AutoRemovalBackground.Landmark_background_HappyPath -->
