<?xml version="1.0" encoding="UTF-8"?>
<!-- Generated by org.testng.reporters.JUnitReportReporter -->
<testsuite hostname="WebCARE" failures="0" tests="2" name="Demo_landmark_Smoke_CopyTest.Smoke_Create_Event_Video_editTest" time="57.370" errors="0" timestamp="2024-01-06T10:12:30 IST" skipped="0">
  <testcase classname="Demo_landmark_Smoke_CopyTest.Smoke_Create_Event_Video_editTest" name="validateCopyFunction" time="10.960"/>
  <testcase classname="Demo_landmark_Smoke_CopyTest.Smoke_Create_Event_Video_editTest" name="Create_Event_Video_EditTest" time="46.410"/>
</testsuite> <!-- Demo_landmark_Smoke_CopyTest.Smoke_Create_Event_Video_editTest -->
