<?xml version="1.0" encoding="UTF-8"?>
<!-- Generated by org.testng.reporters.JUnitReportReporter -->
<testsuite hostname="WebCARE" failures="0" tests="1" name="Demo_landmark_UserCreation.smoke_Create_Event_NewFresh" time="120.952" errors="0" timestamp="2024-01-02T13:26:06 IST" skipped="0">
  <testcase classname="Demo_landmark_UserCreation.smoke_Create_Event_NewFresh" name="TestNewUserCreation" time="120.952"/>
</testsuite> <!-- Demo_landmark_UserCreation.smoke_Create_Event_NewFresh -->
