<?xml version="1.0" encoding="UTF-8"?>
<!-- Generated by org.testng.reporters.JUnitReportReporter -->
<testsuite hostname="WebCARE" failures="0" tests="1" name="Demo_landmark_WarningVerification.Smoke_GIFWarningTest" time="58.734" errors="0" timestamp="2024-01-09T09:34:18 IST" skipped="0">
  <testcase classname="Demo_landmark_WarningVerification.Smoke_GIFWarningTest" name="WarnigMessageVideoTest" time="58.734"/>
</testsuite> <!-- Demo_landmark_WarningVerification.Smoke_GIFWarningTest -->
