<?xml version="1.0" encoding="UTF-8"?>
<!-- Generated by org.testng.reporters.JUnitReportReporter -->
<testsuite hostname="WebCARE" failures="0" tests="1" name="demo_testCases.Create_Event_ExistingList" time="54.612" errors="0" timestamp="2023-12-11T16:26:11 IST" skipped="0">
  <testcase classname="demo_testCases.Create_Event_ExistingList" name="name" time="54.612"/>
</testsuite> <!-- demo_testCases.Create_Event_ExistingList -->
