<?xml version="1.0" encoding="UTF-8"?>
<!-- Generated by org.testng.reporters.JUnitReportReporter -->
<testsuite hostname="WebCARE" failures="0" tests="1" name="Demo_landmark_Smoke_CreatePhoto.Smoke_Create_PhotoTemplate_Share" time="49.436" errors="0" timestamp="2024-01-10T12:05:13 IST" skipped="0">
  <testcase classname="Demo_landmark_Smoke_CreatePhoto.Smoke_Create_PhotoTemplate_Share" name="Validate_Creation_Phototemplate" time="49.436"/>
</testsuite> <!-- Demo_landmark_Smoke_CreatePhoto.Smoke_Create_PhotoTemplate_Share -->
