<?xml version="1.0" encoding="UTF-8"?>
<!-- Generated by org.testng.reporters.JUnitReportReporter -->
<testsuite hostname="WebCARE" failures="0" tests="2" name="Com_Landmark_AutoRemovalBackground.Landmark_background_Negative" time="65.718" errors="0" timestamp="2024-01-11T15:24:48 IST" skipped="0">
  <testcase classname="Com_Landmark_AutoRemovalBackground.Landmark_background_Negative" name="validate_Happypath_Background_photoWithoutBackground" time="37.624"/>
  <testcase classname="Com_Landmark_AutoRemovalBackground.Landmark_background_Negative" name="validateGreenScreenElementForAutoBackgroundSelection" time="28.094"/>
</testsuite> <!-- Com_Landmark_AutoRemovalBackground.Landmark_background_Negative -->
