<?xml version="1.0" encoding="UTF-8"?>
<!-- Generated by org.testng.reporters.JUnitReportReporter -->
<testsuite hostname="WebCARE" failures="0" tests="1" name="Demo_landmark_Smoke_EventType.Smoke_Create_PerYearPro" time="55.655" errors="0" timestamp="2024-01-05T09:31:17 IST" skipped="0">
  <testcase classname="Demo_landmark_Smoke_EventType.Smoke_Create_PerYearPro" name="validate_creation_year_ProPACKAGE" time="55.655"/>
</testsuite> <!-- Demo_landmark_Smoke_EventType.Smoke_Create_PerYearPro -->
