<?xml version="1.0" encoding="UTF-8"?>
<!-- Generated by org.testng.reporters.JUnitReportReporter -->
<testsuite hostname="WebCARE" failures="0" tests="1" name="Demo_landmark_Smoke_EventType.Smoke_Create_PerMonth_Pro" time="51.581" errors="0" timestamp="2024-01-06T10:12:30 IST" skipped="0">
  <testcase classname="Demo_landmark_Smoke_EventType.Smoke_Create_PerMonth_Pro" name="validate_Per_MonthCreaton" time="51.581"/>
</testsuite> <!-- Demo_landmark_Smoke_EventType.Smoke_Create_PerMonth_Pro -->
