<?xml version="1.0" encoding="UTF-8"?>
<!-- Generated by org.testng.reporters.JUnitReportReporter -->
<testsuite hostname="WebCARE" failures="0" tests="3" name="Demo_landmark_Sharing_TestCases.Smoke_Create_PerEventGIF_Basic_Smugmug2" time="187.979" errors="0" timestamp="2023-12-26T13:55:28 IST" skipped="2">
  <testcase classname="Demo_landmark_Sharing_TestCases.Smoke_Create_PerEventGIF_Basic_Smugmug2" name="Smoke_Create_PerEventGIF_Basic_" time="61.967">
    <skipped/>
  </testcase> <!-- Smoke_Create_PerEventGIF_Basic_ -->
  <testcase classname="Demo_landmark_Sharing_TestCases.Smoke_Create_PerEventGIF_Basic_Smugmug2" name="Smoke_Create_PerEventGIF_Basic_" time="56.714">
    <skipped/>
  </testcase> <!-- Smoke_Create_PerEventGIF_Basic_ -->
  <testcase classname="Demo_landmark_Sharing_TestCases.Smoke_Create_PerEventGIF_Basic_Smugmug2" name="Smoke_Create_PerEventGIF_Basic_" time="69.298"/>
</testsuite> <!-- Demo_landmark_Sharing_TestCases.Smoke_Create_PerEventGIF_Basic_Smugmug2 -->
