<?xml version="1.0" encoding="UTF-8"?>
<!-- Generated by org.testng.reporters.JUnitReportReporter -->
<testsuite hostname="WebCARE" failures="0" tests="1" name="Demo_landmark_Smoke_Testcases.Smoke_Create_PhotoTemplate_ValdiationMessage" time="47.183" errors="0" timestamp="2023-12-20T15:32:26 IST" skipped="0">
  <testcase classname="Demo_landmark_Smoke_Testcases.Smoke_Create_PhotoTemplate_ValdiationMessage" name="Validate_Creation_Phototemplate" time="47.183"/>
</testsuite> <!-- Demo_landmark_Smoke_Testcases.Smoke_Create_PhotoTemplate_ValdiationMessage -->
