<?xml version="1.0" encoding="UTF-8"?>
<!-- Generated by org.testng.reporters.JUnitReportReporter -->
<testsuite hostname="WebCARE" failures="0" tests="1" name="demo_testCases.b" time="0.011" errors="0" timestamp="2023-12-12T17:09:53 IST" skipped="0">
  <testcase classname="demo_testCases.b" name="name" time="0.011"/>
</testsuite> <!-- demo_testCases.b -->
