<?xml version="1.0" encoding="UTF-8"?>
<!-- Generated by org.testng.reporters.JUnitReportReporter -->
<testsuite hostname="WebCARE" failures="0" tests="1" name="Com_Landmark_AutoRemovalBackground.Landmark_background_OpenImageForNoneSelection" time="29.163" errors="0" timestamp="2024-01-11T15:24:48 IST" skipped="0">
  <testcase classname="Com_Landmark_AutoRemovalBackground.Landmark_background_OpenImageForNoneSelection" name="validate_Happypath_Background_IconForNoneSelection" time="29.163"/>
</testsuite> <!-- Com_Landmark_AutoRemovalBackground.Landmark_background_OpenImageForNoneSelection -->
