<?xml version="1.0" encoding="UTF-8"?>
<!-- Generated by org.testng.reporters.JUnitReportReporter -->
<testsuite hostname="WebCARE" failures="0" tests="2" name="Demo_landmark_UserCreation.Smoke_Create_Event_ExistingList" time="1649.523" errors="0" timestamp="2023-12-21T19:26:52 IST" skipped="1">
  <testcase classname="Demo_landmark_UserCreation.Smoke_Create_Event_ExistingList" name="validate_existingEvent" time="90.199"/>
  <testcase classname="Demo_landmark_UserCreation.Smoke_Create_Event_ExistingList" name="validate_existingEvent" time="1559.324">
    <skipped/>
  </testcase> <!-- validate_existingEvent -->
</testsuite> <!-- Demo_landmark_UserCreation.Smoke_Create_Event_ExistingList -->
