<?xml version="1.0" encoding="UTF-8"?>
<!-- Generated by org.testng.reporters.JUnitReportReporter -->
<testsuite hostname="WebCARE" failures="0" tests="1" name="Demo_landmark_Smoke_CopyEvents.Smoke_Create_Event_Gif_copyTest" time="54.453" errors="0" timestamp="2023-12-27T15:10:05 IST" skipped="0">
  <testcase classname="Demo_landmark_Smoke_CopyEvents.Smoke_Create_Event_Gif_copyTest" name="Validate_Creation_event_with_Gif_with_Paylater" time="54.453"/>
</testsuite> <!-- Demo_landmark_Smoke_CopyEvents.Smoke_Create_Event_Gif_copyTest -->
