<?xml version="1.0" encoding="UTF-8"?>
<!-- Generated by org.testng.reporters.JUnitReportReporter -->
<testsuite hostname="WebCARE" failures="0" tests="2" name="Demo_landmark_SaAdminShareTest.DemoSaAdminSuccessQuantity" time="305.445" errors="0" timestamp="2024-01-10T18:49:12 IST" skipped="0">
  <testcase classname="Demo_landmark_SaAdminShareTest.DemoSaAdminSuccessQuantity" name="SharingFunctionTest" time="161.930"/>
  <testcase classname="Demo_landmark_SaAdminShareTest.DemoSaAdminSuccessQuantity" name="validateSearchSuccesStatus" time="143.515"/>
</testsuite> <!-- Demo_landmark_SaAdminShareTest.DemoSaAdminSuccessQuantity -->
