<?xml version="1.0" encoding="UTF-8"?>
<!-- Generated by org.testng.reporters.JUnitReportReporter -->
<testsuite hostname="WebCARE" failures="0" tests="1" name="Demo_landmark_Smoke_EventType.Smoke_Create_PerEvent_Pro" time="54.492" errors="0" timestamp="2024-01-03T09:39:50 IST" skipped="0">
  <testcase classname="Demo_landmark_Smoke_EventType.Smoke_Create_PerEvent_Pro" name="validate_Per_Event_information" time="54.492"/>
</testsuite> <!-- Demo_landmark_Smoke_EventType.Smoke_Create_PerEvent_Pro -->
