<?xml version="1.0" encoding="UTF-8"?>
<!-- Generated by org.testng.reporters.JUnitReportReporter -->
<testsuite hostname="WebCARE" failures="0" tests="1" name="Demo_landmark_Smoke_Testcases.Smoke_Create_PerYearPro" time="53.067" errors="0" timestamp="2023-12-20T14:09:27 IST" skipped="0">
  <testcase classname="Demo_landmark_Smoke_Testcases.Smoke_Create_PerYearPro" name="validate_creation_year_ProPACKAGE" time="53.067"/>
</testsuite> <!-- Demo_landmark_Smoke_Testcases.Smoke_Create_PerYearPro -->
