<?xml version="1.0" encoding="UTF-8"?>
<!-- Generated by org.testng.reporters.JUnitReportReporter -->
<testsuite hostname="WebCARE" failures="0" tests="1" name="Demo_landmark_Smoke_CreateVideo.Smoke_Create_Event_VideoTest" time="60.677" errors="0" timestamp="2024-01-08T15:33:50 IST" skipped="0">
  <testcase classname="Demo_landmark_Smoke_CreateVideo.Smoke_Create_Event_VideoTest" name="Validate_Creation_event_with_Gif" time="60.677"/>
</testsuite> <!-- Demo_landmark_Smoke_CreateVideo.Smoke_Create_Event_VideoTest -->
