<?xml version="1.0" encoding="UTF-8"?>
<!-- Generated by org.testng.reporters.JUnitReportReporter -->
<testsuite hostname="WebCARE" failures="0" tests="1" name="Demo_landmark_SaAdminTestCases.VerifySAAdminShowAllEventsFunctionality" time="8.748" errors="0" timestamp="2024-01-06T10:12:30 IST" skipped="0">
  <testcase classname="Demo_landmark_SaAdminTestCases.VerifySAAdminShowAllEventsFunctionality" name="SearchUserFunctionTest" time="8.748"/>
</testsuite> <!-- Demo_landmark_SaAdminTestCases.VerifySAAdminShowAllEventsFunctionality -->
