<?xml version="1.0" encoding="UTF-8"?>
<!-- Generated by org.testng.reporters.JUnitReportReporter -->
<testsuite hostname="WebCARE" failures="0" tests="1" name="Demo_landmark_UserCreation.smoke_Create_Event_NewFresh" time="61.827" errors="0" timestamp="2024-01-04T09:41:27 IST" skipped="0">
  <testcase classname="Demo_landmark_UserCreation.smoke_Create_Event_NewFresh" name="TestNewUserCreation" time="61.827"/>
</testsuite> <!-- Demo_landmark_UserCreation.smoke_Create_Event_NewFresh -->
