<?xml version="1.0" encoding="UTF-8"?>
<!-- Generated by org.testng.reporters.JUnitReportReporter -->
<testsuite hostname="WebCARE" failures="0" tests="1" name="Demo_landmark_SaAdminTestCases.DemoSaAdminSearchFunctionality" time="20.277" errors="0" timestamp="2024-01-02T17:00:18 IST" skipped="0">
  <testcase classname="Demo_landmark_SaAdminTestCases.DemoSaAdminSearchFunctionality" name="TestNewUserCreation" time="20.277"/>
</testsuite> <!-- Demo_landmark_SaAdminTestCases.DemoSaAdminSearchFunctionality -->
