<?xml version="1.0" encoding="UTF-8"?>
<!-- Generated by org.testng.reporters.JUnitReportReporter -->
<testsuite hostname="WebCARE" failures="0" tests="1" name="demo_testCases.test1" time="40.133" errors="0" timestamp="2023-12-06T20:34:56 IST" skipped="0">
  <testcase classname="demo_testCases.test1" name="name" time="40.133"/>
</testsuite> <!-- demo_testCases.test1 -->
