<?xml version="1.0" encoding="UTF-8"?>
<!-- Generated by org.testng.reporters.JUnitReportReporter -->
<testsuite hostname="WebCARE" failures="0" tests="1" name="demo_testCases.Create_Event_Basic_Configuration" time="49.517" errors="0" timestamp="2023-12-13T13:29:17 IST" skipped="0">
  <testcase classname="demo_testCases.Create_Event_Basic_Configuration" name="ValidateGreenScreenButton_BasicEvent" time="49.517"/>
</testsuite> <!-- demo_testCases.Create_Event_Basic_Configuration -->
