<?xml version="1.0" encoding="UTF-8"?>
<!-- Generated by org.testng.reporters.JUnitReportReporter -->
<testsuite hostname="WebCARE" failures="0" tests="1" name="Demo_landmark_Smoke_Testcases.Smoke_Create_PerMonth_Pro" time="82.342" errors="0" timestamp="2023-12-20T19:47:03 IST" skipped="0">
  <testcase classname="Demo_landmark_Smoke_Testcases.Smoke_Create_PerMonth_Pro" name="validate_Per_Event_information" time="82.342"/>
</testsuite> <!-- Demo_landmark_Smoke_Testcases.Smoke_Create_PerMonth_Pro -->
