<?xml version="1.0" encoding="UTF-8"?>
<!-- Generated by org.testng.reporters.JUnitReportReporter -->
<testsuite hostname="WebCARE" failures="0" tests="1" name="demo_testCases.Create_Event_WithGreenScreen" time="50.644" errors="0" timestamp="2023-12-11T19:59:28 IST" skipped="0">
  <testcase classname="demo_testCases.Create_Event_WithGreenScreen" name="name" time="50.644"/>
</testsuite> <!-- demo_testCases.Create_Event_WithGreenScreen -->
