<?xml version="1.0" encoding="UTF-8"?>
<!-- Generated by org.testng.reporters.JUnitReportReporter -->
<testsuite hostname="WebCARE" failures="0" tests="1" name="Demo_landmark_Smoke_CreateGIF.Smoke_Create_Event_Gif_Test" time="118.855" errors="0" timestamp="2024-03-18T12:39:29 IST" skipped="0">
  <testcase classname="Demo_landmark_Smoke_CreateGIF.Smoke_Create_Event_Gif_Test" name="Validate_Creation_event_with_Gif" time="118.855"/>
</testsuite> <!-- Demo_landmark_Smoke_CreateGIF.Smoke_Create_Event_Gif_Test -->
