<?xml version="1.0" encoding="UTF-8"?>
<!-- Generated by org.testng.reporters.JUnitReportReporter -->
<testsuite hostname="WebCARE" failures="0" tests="1" name="Demo_landmark_SaAdminTestCases.DemoSaAdminManageUserSelectUserDetails" time="11.683" errors="0" timestamp="2024-01-05T09:31:17 IST" skipped="0">
  <testcase classname="Demo_landmark_SaAdminTestCases.DemoSaAdminManageUserSelectUserDetails" name="ManageUserViewUserDetails" time="11.683"/>
</testsuite> <!-- Demo_landmark_SaAdminTestCases.DemoSaAdminManageUserSelectUserDetails -->
