<?xml version="1.0" encoding="UTF-8"?>
<!-- Generated by org.testng.reporters.JUnitReportReporter -->
<testsuite hostname="WebCARE" failures="0" tests="1" name="demo_testCases.Smoke_Create_Event_ExistingList" time="62.593" errors="0" timestamp="2023-12-13T13:36:18 IST" skipped="0">
  <testcase classname="demo_testCases.Smoke_Create_Event_ExistingList" name="validate_existingEvent" time="62.593"/>
</testsuite> <!-- demo_testCases.Smoke_Create_Event_ExistingList -->
