<?xml version="1.0" encoding="UTF-8"?>
<!-- Generated by org.testng.reporters.JUnitReportReporter -->
<testsuite hostname="WebCARE" failures="0" tests="1" name="Demo_landmark_SaAdminTestCases.DemoSaAdminUserNameSearchFunction" time="6.107" errors="0" timestamp="2024-01-06T10:12:30 IST" skipped="0">
  <testcase classname="Demo_landmark_SaAdminTestCases.DemoSaAdminUserNameSearchFunction" name="SearchUserFunctionTest" time="6.107"/>
</testsuite> <!-- Demo_landmark_SaAdminTestCases.DemoSaAdminUserNameSearchFunction -->
