<?xml version="1.0" encoding="UTF-8"?>
<!-- Generated by org.testng.reporters.JUnitReportReporter -->
<testsuite hostname="WebCARE" failures="0" tests="2" name="Demo_landmark_Smoke_CreatePhoto.Smoke_Create_Event_Photo_Test_WithPaylater2" time="276.425" errors="0" timestamp="2023-12-27T16:24:18 IST" skipped="1">
  <testcase classname="Demo_landmark_Smoke_CreatePhoto.Smoke_Create_Event_Photo_Test_WithPaylater2" name="Validate_Creation_event_with_Gif_with_Paylater" time="83.568"/>
  <testcase classname="Demo_landmark_Smoke_CreatePhoto.Smoke_Create_Event_Photo_Test_WithPaylater2" name="Validate_Creation_event_with_Gif_with_Paylater" time="192.857">
    <skipped/>
  </testcase> <!-- Validate_Creation_event_with_Gif_with_Paylater -->
</testsuite> <!-- Demo_landmark_Smoke_CreatePhoto.Smoke_Create_Event_Photo_Test_WithPaylater2 -->
