<?xml version="1.0" encoding="UTF-8"?>
<!-- Generated by org.testng.reporters.JUnitReportReporter -->
<testsuite hostname="WebCARE" failures="0" tests="1" name="demo_testCases.test1" time="45.675" errors="0" timestamp="2023-12-07T14:37:40 IST" skipped="0">
  <testcase classname="demo_testCases.test1" name="name" time="45.675"/>
</testsuite> <!-- demo_testCases.test1 -->
