<?xml version="1.0" encoding="UTF-8"?>
<!-- Generated by org.testng.reporters.JUnitReportReporter -->
<testsuite hostname="WebCARE" failures="0" tests="1" name="demo_testCases.smoke_Create_Event_NewFresh" time="68.210" errors="0" timestamp="2023-12-15T17:00:50 IST" skipped="0">
  <testcase classname="demo_testCases.smoke_Create_Event_NewFresh" name="TestNewUserCreation" time="68.210"/>
</testsuite> <!-- demo_testCases.smoke_Create_Event_NewFresh -->
