<?xml version="1.0" encoding="UTF-8"?>
<!-- Generated by org.testng.reporters.JUnitReportReporter -->
<testsuite hostname="WebCARE" failures="0" tests="2" name="demo_testCases.Smoke_Create_Event_Gif_Test" time="167.417" errors="0" timestamp="2023-12-14T13:13:48 IST" skipped="1">
  <testcase classname="demo_testCases.Smoke_Create_Event_Gif_Test" name="Validate_Creation_event_with_Gif" time="60.152"/>
  <testcase classname="demo_testCases.Smoke_Create_Event_Gif_Test" name="Validate_Creation_event_with_Gif" time="107.265">
    <skipped/>
  </testcase> <!-- Validate_Creation_event_with_Gif -->
</testsuite> <!-- demo_testCases.Smoke_Create_Event_Gif_Test -->
