<?xml version="1.0" encoding="UTF-8"?>
<!-- Generated by org.testng.reporters.JUnitReportReporter -->
<testsuite hostname="WebCARE" failures="0" tests="2" name="demo_testCases.Smoke_Create_PerEvent_Basic_Smugmug" time="112.199" errors="0" timestamp="2023-12-19T16:01:49 IST" skipped="1">
  <testcase classname="demo_testCases.Smoke_Create_PerEvent_Basic_Smugmug" name="validate_Per_Event_information" time="55.637">
    <skipped/>
  </testcase> <!-- validate_Per_Event_information -->
  <testcase classname="demo_testCases.Smoke_Create_PerEvent_Basic_Smugmug" name="validate_Per_Event_information" time="56.562"/>
</testsuite> <!-- demo_testCases.Smoke_Create_PerEvent_Basic_Smugmug -->
