<?xml version="1.0" encoding="UTF-8"?>
<!-- Generated by org.testng.reporters.JUnitReportReporter -->
<testsuite hostname="WebCARE" failures="0" tests="1" name="demo_testCases.Smoke_Create_Event_ExistingList" time="64.937" errors="0" timestamp="2023-12-15T17:00:50 IST" skipped="0">
  <testcase classname="demo_testCases.Smoke_Create_Event_ExistingList" name="validate_existingEvent" time="64.937"/>
</testsuite> <!-- demo_testCases.Smoke_Create_Event_ExistingList -->
