<?xml version="1.0" encoding="UTF-8"?>
<!-- Generated by org.testng.reporters.JUnitReportReporter -->
<testsuite hostname="WebCARE" failures="0" tests="1" name="demo_testCases.Smoke_Create_Event_VideoTest" time="48.160" errors="0" timestamp="2023-12-13T15:02:36 IST" skipped="0">
  <testcase classname="demo_testCases.Smoke_Create_Event_VideoTest" name="Validate_Creation_event_with_Gif" time="48.160"/>
</testsuite> <!-- demo_testCases.Smoke_Create_Event_VideoTest -->
